<?xml version="1.0" encoding="UTF-8"?>
<testsuites>
  <testsuite name="php-trello-api Test Suite" tests="216" assertions="400" failures="0" errors="0" time="0.143472">
    <testsuite name="Trello\Tests\Unit\Api\Board\ActionsTest" file="/Users/Christian/Repositories/php-trello-api/test/Trello/Tests/Unit/Api/Board/ActionsTest.php" tests="1" assertions="2" failures="0" errors="0" time="0.011090">
      <testcase name="shouldGetAllActions" class="Trello\Tests\Unit\Api\Board\ActionsTest" file="/Users/Christian/Repositories/php-trello-api/test/Trello/Tests/Unit/Api/Board/ActionsTest.php" line="17" assertions="2" time="0.011090"/>
    </testsuite>
    <testsuite name="Trello\Tests\Unit\Api\Board\CardlistsTest" file="/Users/Christian/Repositories/php-trello-api/test/Trello/Tests/Unit/Api/Board/CardlistsTest.php" tests="6" assertions="12" failures="0" errors="0" time="0.003219">
      <testcase name="shouldGetAllCardlists" class="Trello\Tests\Unit\Api\Board\CardlistsTest" file="/Users/Christian/Repositories/php-trello-api/test/Trello/Tests/Unit/Api/Board/CardlistsTest.php" line="17" assertions="2" time="0.001180"/>
      <testcase name="shouldFilterCardlistsWithDefaultFilter" class="Trello\Tests\Unit\Api\Board\CardlistsTest" file="/Users/Christian/Repositories/php-trello-api/test/Trello/Tests/Unit/Api/Board/CardlistsTest.php" line="31" assertions="2" time="0.000313"/>
      <testcase name="shouldFilterCardlistsWithStringArgument" class="Trello\Tests\Unit\Api\Board\CardlistsTest" file="/Users/Christian/Repositories/php-trello-api/test/Trello/Tests/Unit/Api/Board/CardlistsTest.php" line="47" assertions="2" time="0.000334"/>
      <testcase name="shouldFilterCardlistsWithArrayArgument" class="Trello\Tests\Unit\Api\Board\CardlistsTest" file="/Users/Christian/Repositories/php-trello-api/test/Trello/Tests/Unit/Api/Board/CardlistsTest.php" line="63" assertions="2" time="0.000352"/>
      <testcase name="shouldCreateCardlist" class="Trello\Tests\Unit\Api\Board\CardlistsTest" file="/Users/Christian/Repositories/php-trello-api/test/Trello/Tests/Unit/Api/Board/CardlistsTest.php" line="79" assertions="2" time="0.000436"/>
      <testcase name="shouldNotCreateCardlistWithoutName" class="Trello\Tests\Unit\Api\Board\CardlistsTest" file="/Users/Christian/Repositories/php-trello-api/test/Trello/Tests/Unit/Api/Board/CardlistsTest.php" line="96" assertions="2" time="0.000604"/>
    </testsuite>
    <testsuite name="Trello\Tests\Unit\Api\Board\CardsTest" file="/Users/Christian/Repositories/php-trello-api/test/Trello/Tests/Unit/Api/Board/CardsTest.php" tests="5" assertions="10" failures="0" errors="0" time="0.002764">
      <testcase name="shouldGetAllCards" class="Trello\Tests\Unit\Api\Board\CardsTest" file="/Users/Christian/Repositories/php-trello-api/test/Trello/Tests/Unit/Api/Board/CardsTest.php" line="17" assertions="2" time="0.001224"/>
      <testcase name="shouldFilterCardsWithDefaultFilter" class="Trello\Tests\Unit\Api\Board\CardsTest" file="/Users/Christian/Repositories/php-trello-api/test/Trello/Tests/Unit/Api/Board/CardsTest.php" line="31" assertions="2" time="0.000387"/>
      <testcase name="shouldFilterCardsWithStringArgument" class="Trello\Tests\Unit\Api\Board\CardsTest" file="/Users/Christian/Repositories/php-trello-api/test/Trello/Tests/Unit/Api/Board/CardsTest.php" line="47" assertions="2" time="0.000370"/>
      <testcase name="shouldFilterCardsWithArrayArgument" class="Trello\Tests\Unit\Api\Board\CardsTest" file="/Users/Christian/Repositories/php-trello-api/test/Trello/Tests/Unit/Api/Board/CardsTest.php" line="63" assertions="2" time="0.000379"/>
      <testcase name="shouldShowCard" class="Trello\Tests\Unit\Api\Board\CardsTest" file="/Users/Christian/Repositories/php-trello-api/test/Trello/Tests/Unit/Api/Board/CardsTest.php" line="79" assertions="2" time="0.000404"/>
    </testsuite>
    <testsuite name="Trello\Tests\Unit\Api\Board\ChecklistsTest" file="/Users/Christian/Repositories/php-trello-api/test/Trello/Tests/Unit/Api/Board/ChecklistsTest.php" tests="3" assertions="6" failures="0" errors="0" time="0.001989">
      <testcase name="shouldGetAllChecklists" class="Trello\Tests\Unit\Api\Board\ChecklistsTest" file="/Users/Christian/Repositories/php-trello-api/test/Trello/Tests/Unit/Api/Board/ChecklistsTest.php" line="17" assertions="2" time="0.001378"/>
      <testcase name="shouldCreateChecklist" class="Trello\Tests\Unit\Api\Board\ChecklistsTest" file="/Users/Christian/Repositories/php-trello-api/test/Trello/Tests/Unit/Api/Board/ChecklistsTest.php" line="31" assertions="2" time="0.000359"/>
      <testcase name="shouldNotCreateChecklistWithoutName" class="Trello\Tests\Unit\Api\Board\ChecklistsTest" file="/Users/Christian/Repositories/php-trello-api/test/Trello/Tests/Unit/Api/Board/ChecklistsTest.php" line="48" assertions="2" time="0.000252"/>
    </testsuite>
    <testsuite name="Trello\Tests\Unit\Api\Board\LabelsTest" file="/Users/Christian/Repositories/php-trello-api/test/Trello/Tests/Unit/Api/Board/LabelsTest.php" tests="5" assertions="10" failures="0" errors="0" time="0.002541">
      <testcase name="shouldGetLabels" class="Trello\Tests\Unit\Api\Board\LabelsTest" file="/Users/Christian/Repositories/php-trello-api/test/Trello/Tests/Unit/Api/Board/LabelsTest.php" line="17" assertions="2" time="0.001341"/>
      <testcase name="shouldShowALabel" class="Trello\Tests\Unit\Api\Board\LabelsTest" file="/Users/Christian/Repositories/php-trello-api/test/Trello/Tests/Unit/Api/Board/LabelsTest.php" line="31" assertions="2" time="0.000321"/>
      <testcase name="shouldNotShowUnexistingLabel" class="Trello\Tests\Unit\Api\Board\LabelsTest" file="/Users/Christian/Repositories/php-trello-api/test/Trello/Tests/Unit/Api/Board/LabelsTest.php" line="48" assertions="2" time="0.000273"/>
      <testcase name="shouldSetLabelName" class="Trello\Tests\Unit\Api\Board\LabelsTest" file="/Users/Christian/Repositories/php-trello-api/test/Trello/Tests/Unit/Api/Board/LabelsTest.php" line="62" assertions="2" time="0.000371"/>
      <testcase name="shouldNotSetNameOfUnexistingLabel" class="Trello\Tests\Unit\Api\Board\LabelsTest" file="/Users/Christian/Repositories/php-trello-api/test/Trello/Tests/Unit/Api/Board/LabelsTest.php" line="80" assertions="2" time="0.000235"/>
    </testsuite>
    <testsuite name="Trello\Tests\Unit\Api\Board\MembersTest" file="/Users/Christian/Repositories/php-trello-api/test/Trello/Tests/Unit/Api/Board/MembersTest.php" tests="1" assertions="2" failures="0" errors="0" time="0.001280">
      <testcase name="shouldGetAllMembers" class="Trello\Tests\Unit\Api\Board\MembersTest" file="/Users/Christian/Repositories/php-trello-api/test/Trello/Tests/Unit/Api/Board/MembersTest.php" line="17" assertions="2" time="0.001280"/>
    </testsuite>
    <testsuite name="Trello\Tests\Unit\Api\Board\MembershipsTest" file="/Users/Christian/Repositories/php-trello-api/test/Trello/Tests/Unit/Api/Board/MembershipsTest.php" tests="0" assertions="0" failures="0" errors="0" time="0.000000"/>
    <testsuite name="Trello\Tests\Unit\Api\Board\MyPreferencesTest" file="/Users/Christian/Repositories/php-trello-api/test/Trello/Tests/Unit/Api/Board/MyPreferencesTest.php" tests="0" assertions="0" failures="0" errors="0" time="0.000000"/>
    <testsuite name="Trello\Tests\Unit\Api\Board\PowerUpsTest" file="/Users/Christian/Repositories/php-trello-api/test/Trello/Tests/Unit/Api/Board/PowerUpsTest.php" tests="0" assertions="0" failures="0" errors="0" time="0.000000"/>
    <testsuite name="Trello\Tests\Unit\Api\Board\PreferencesTest" file="/Users/Christian/Repositories/php-trello-api/test/Trello/Tests/Unit/Api/Board/PreferencesTest.php" tests="0" assertions="0" failures="0" errors="0" time="0.000000"/>
    <testsuite name="Trello\Tests\Unit\Api\BoardTest" file="/Users/Christian/Repositories/php-trello-api/test/Trello/Tests/Unit/Api/BoardTest.php" tests="27" assertions="44" failures="0" errors="0" time="0.011023">
      <testcase name="shouldShowBoard" class="Trello\Tests\Unit\Api\BoardTest" file="/Users/Christian/Repositories/php-trello-api/test/Trello/Tests/Unit/Api/BoardTest.php" line="16" assertions="2" time="0.002395"/>
      <testcase name="shouldCreateBoard" class="Trello\Tests\Unit\Api\BoardTest" file="/Users/Christian/Repositories/php-trello-api/test/Trello/Tests/Unit/Api/BoardTest.php" line="32" assertions="2" time="0.000560"/>
      <testcase name="shouldNotCreateBoardWithoutName" class="Trello\Tests\Unit\Api\BoardTest" file="/Users/Christian/Repositories/php-trello-api/test/Trello/Tests/Unit/Api/BoardTest.php" line="49" assertions="2" time="0.000345"/>
      <testcase name="shouldUpdateBoard" class="Trello\Tests\Unit\Api\BoardTest" file="/Users/Christian/Repositories/php-trello-api/test/Trello/Tests/Unit/Api/BoardTest.php" line="63" assertions="2" time="0.000412"/>
      <testcase name="shouldGetField" class="Trello\Tests\Unit\Api\BoardTest" file="/Users/Christian/Repositories/php-trello-api/test/Trello/Tests/Unit/Api/BoardTest.php" line="79" assertions="2" time="0.000343"/>
      <testcase name="shouldNotGetUnexistingField" class="Trello\Tests\Unit\Api\BoardTest" file="/Users/Christian/Repositories/php-trello-api/test/Trello/Tests/Unit/Api/BoardTest.php" line="96" assertions="2" time="0.000218"/>
      <testcase name="shouldSetName" class="Trello\Tests\Unit\Api\BoardTest" file="/Users/Christian/Repositories/php-trello-api/test/Trello/Tests/Unit/Api/BoardTest.php" line="108" assertions="2" time="0.000376"/>
      <testcase name="shouldSetDescription" class="Trello\Tests\Unit\Api\BoardTest" file="/Users/Christian/Repositories/php-trello-api/test/Trello/Tests/Unit/Api/BoardTest.php" line="124" assertions="2" time="0.000545"/>
      <testcase name="shouldSetClosed" class="Trello\Tests\Unit\Api\BoardTest" file="/Users/Christian/Repositories/php-trello-api/test/Trello/Tests/Unit/Api/BoardTest.php" line="140" assertions="2" time="0.000593"/>
      <testcase name="shouldSetSubscribed" class="Trello\Tests\Unit\Api\BoardTest" file="/Users/Christian/Repositories/php-trello-api/test/Trello/Tests/Unit/Api/BoardTest.php" line="156" assertions="2" time="0.000369"/>
      <testcase name="shouldSetViewed" class="Trello\Tests\Unit\Api\BoardTest" file="/Users/Christian/Repositories/php-trello-api/test/Trello/Tests/Unit/Api/BoardTest.php" line="172" assertions="2" time="0.000338"/>
      <testcase name="shouldSetOrganization" class="Trello\Tests\Unit\Api\BoardTest" file="/Users/Christian/Repositories/php-trello-api/test/Trello/Tests/Unit/Api/BoardTest.php" line="186" assertions="2" time="0.000342"/>
      <testcase name="shouldGetOrganization" class="Trello\Tests\Unit\Api\BoardTest" file="/Users/Christian/Repositories/php-trello-api/test/Trello/Tests/Unit/Api/BoardTest.php" line="202" assertions="2" time="0.000336"/>
      <testcase name="shouldGetOrganizationField" class="Trello\Tests\Unit\Api\BoardTest" file="/Users/Christian/Repositories/php-trello-api/test/Trello/Tests/Unit/Api/BoardTest.php" line="216" assertions="2" time="0.000494"/>
      <testcase name="shouldNotGetUnexistingOrganizationField" class="Trello\Tests\Unit\Api\BoardTest" file="/Users/Christian/Repositories/php-trello-api/test/Trello/Tests/Unit/Api/BoardTest.php" line="231" assertions="2" time="0.000224"/>
      <testcase name="shouldGetDeltas" class="Trello\Tests\Unit\Api\BoardTest" file="/Users/Christian/Repositories/php-trello-api/test/Trello/Tests/Unit/Api/BoardTest.php" line="243" assertions="2" time="0.000324"/>
      <testcase name="shouldGetStars" class="Trello\Tests\Unit\Api\BoardTest" file="/Users/Christian/Repositories/php-trello-api/test/Trello/Tests/Unit/Api/BoardTest.php" line="257" assertions="2" time="0.000362"/>
      <testcase name="shouldGetActionsApiObject" class="Trello\Tests\Unit\Api\BoardTest" file="/Users/Christian/Repositories/php-trello-api/test/Trello/Tests/Unit/Api/BoardTest.php" line="271" assertions="1" time="0.000472"/>
      <testcase name="shouldGetCardlistsApiObject" class="Trello\Tests\Unit\Api\BoardTest" file="/Users/Christian/Repositories/php-trello-api/test/Trello/Tests/Unit/Api/BoardTest.php" line="280" assertions="1" time="0.000165"/>
      <testcase name="shouldGetCardsApiObject" class="Trello\Tests\Unit\Api\BoardTest" file="/Users/Christian/Repositories/php-trello-api/test/Trello/Tests/Unit/Api/BoardTest.php" line="289" assertions="1" time="0.000194"/>
      <testcase name="shouldGetChecklistsApiObject" class="Trello\Tests\Unit\Api\BoardTest" file="/Users/Christian/Repositories/php-trello-api/test/Trello/Tests/Unit/Api/BoardTest.php" line="298" assertions="1" time="0.000164"/>
      <testcase name="shouldGetLabelsApiObject" class="Trello\Tests\Unit\Api\BoardTest" file="/Users/Christian/Repositories/php-trello-api/test/Trello/Tests/Unit/Api/BoardTest.php" line="307" assertions="1" time="0.000233"/>
      <testcase name="shouldGetMembersApiObject" class="Trello\Tests\Unit\Api\BoardTest" file="/Users/Christian/Repositories/php-trello-api/test/Trello/Tests/Unit/Api/BoardTest.php" line="316" assertions="1" time="0.000166"/>
      <testcase name="shouldGetMembershipsApiObject" class="Trello\Tests\Unit\Api\BoardTest" file="/Users/Christian/Repositories/php-trello-api/test/Trello/Tests/Unit/Api/BoardTest.php" line="325" assertions="1" time="0.000271"/>
      <testcase name="shouldGetMyPreferencesApiObject" class="Trello\Tests\Unit\Api\BoardTest" file="/Users/Christian/Repositories/php-trello-api/test/Trello/Tests/Unit/Api/BoardTest.php" line="334" assertions="1" time="0.000264"/>
      <testcase name="shouldGetPowerUpsApiObject" class="Trello\Tests\Unit\Api\BoardTest" file="/Users/Christian/Repositories/php-trello-api/test/Trello/Tests/Unit/Api/BoardTest.php" line="343" assertions="1" time="0.000267"/>
      <testcase name="shouldGetPreferencesApiObject" class="Trello\Tests\Unit\Api\BoardTest" file="/Users/Christian/Repositories/php-trello-api/test/Trello/Tests/Unit/Api/BoardTest.php" line="352" assertions="1" time="0.000251"/>
    </testsuite>
    <testsuite name="Trello\Tests\Unit\Api\Card\ActionsTest" file="/Users/Christian/Repositories/php-trello-api/test/Trello/Tests/Unit/Api/Card/ActionsTest.php" tests="3" assertions="6" failures="0" errors="0" time="0.001967">
      <testcase name="shouldGetAllActions" class="Trello\Tests\Unit\Api\Card\ActionsTest" file="/Users/Christian/Repositories/php-trello-api/test/Trello/Tests/Unit/Api/Card/ActionsTest.php" line="17" assertions="2" time="0.001318"/>
      <testcase name="shouldAddComment" class="Trello\Tests\Unit\Api\Card\ActionsTest" file="/Users/Christian/Repositories/php-trello-api/test/Trello/Tests/Unit/Api/Card/ActionsTest.php" line="31" assertions="2" time="0.000328"/>
      <testcase name="shouldRemoveComment" class="Trello\Tests\Unit\Api\Card\ActionsTest" file="/Users/Christian/Repositories/php-trello-api/test/Trello/Tests/Unit/Api/Card/ActionsTest.php" line="47" assertions="2" time="0.000321"/>
    </testsuite>
    <testsuite name="Trello\Tests\Unit\Api\Card\AttachmentsTest" file="/Users/Christian/Repositories/php-trello-api/test/Trello/Tests/Unit/Api/Card/AttachmentsTest.php" tests="6" assertions="12" failures="0" errors="0" time="0.002747">
      <testcase name="shouldGetAllAttachments" class="Trello\Tests\Unit\Api\Card\AttachmentsTest" file="/Users/Christian/Repositories/php-trello-api/test/Trello/Tests/Unit/Api/Card/AttachmentsTest.php" line="17" assertions="2" time="0.001194"/>
      <testcase name="shouldShowAttachment" class="Trello\Tests\Unit\Api\Card\AttachmentsTest" file="/Users/Christian/Repositories/php-trello-api/test/Trello/Tests/Unit/Api/Card/AttachmentsTest.php" line="31" assertions="2" time="0.000308"/>
      <testcase name="shouldCreateAttachment" class="Trello\Tests\Unit\Api\Card\AttachmentsTest" file="/Users/Christian/Repositories/php-trello-api/test/Trello/Tests/Unit/Api/Card/AttachmentsTest.php" line="46" assertions="2" time="0.000336"/>
      <testcase name="shouldNotCreateAttachmentWhenParamsIncomplete" class="Trello\Tests\Unit\Api\Card\AttachmentsTest" file="/Users/Christian/Repositories/php-trello-api/test/Trello/Tests/Unit/Api/Card/AttachmentsTest.php" line="63" assertions="2" time="0.000278"/>
      <testcase name="shouldRemoveAttachment" class="Trello\Tests\Unit\Api\Card\AttachmentsTest" file="/Users/Christian/Repositories/php-trello-api/test/Trello/Tests/Unit/Api/Card/AttachmentsTest.php" line="77" assertions="2" time="0.000318"/>
      <testcase name="shouldSetAsCover" class="Trello\Tests\Unit\Api\Card\AttachmentsTest" file="/Users/Christian/Repositories/php-trello-api/test/Trello/Tests/Unit/Api/Card/AttachmentsTest.php" line="91" assertions="2" time="0.000313"/>
    </testsuite>
    <testsuite name="Trello\Tests\Unit\Api\Card\ChecklistsTest" file="/Users/Christian/Repositories/php-trello-api/test/Trello/Tests/Unit/Api/Card/ChecklistsTest.php" tests="5" assertions="10" failures="0" errors="0" time="0.002770">
      <testcase name="shouldGetAllChecklists" class="Trello\Tests\Unit\Api\Card\ChecklistsTest" file="/Users/Christian/Repositories/php-trello-api/test/Trello/Tests/Unit/Api/Card/ChecklistsTest.php" line="17" assertions="2" time="0.001529"/>
      <testcase name="shouldCreateChecklist" class="Trello\Tests\Unit\Api\Card\ChecklistsTest" file="/Users/Christian/Repositories/php-trello-api/test/Trello/Tests/Unit/Api/Card/ChecklistsTest.php" line="31" assertions="2" time="0.000341"/>
      <testcase name="shouldNotCreateChecklistWithoutNameSourceChecklistIdOrValue" class="Trello\Tests\Unit\Api\Card\ChecklistsTest" file="/Users/Christian/Repositories/php-trello-api/test/Trello/Tests/Unit/Api/Card/ChecklistsTest.php" line="48" assertions="2" time="0.000206"/>
      <testcase name="shouldRemoveChecklist" class="Trello\Tests\Unit\Api\Card\ChecklistsTest" file="/Users/Christian/Repositories/php-trello-api/test/Trello/Tests/Unit/Api/Card/ChecklistsTest.php" line="62" assertions="2" time="0.000302"/>
      <testcase name="shouldGetItemStates" class="Trello\Tests\Unit\Api\Card\ChecklistsTest" file="/Users/Christian/Repositories/php-trello-api/test/Trello/Tests/Unit/Api/Card/ChecklistsTest.php" line="76" assertions="2" time="0.000392"/>
    </testsuite>
    <testsuite name="Trello\Tests\Unit\Api\Card\LabelsTest" file="/Users/Christian/Repositories/php-trello-api/test/Trello/Tests/Unit/Api/Card/LabelsTest.php" tests="4" assertions="8" failures="0" errors="0" time="0.002797">
      <testcase name="shouldSetLabels" class="Trello\Tests\Unit\Api\Card\LabelsTest" file="/Users/Christian/Repositories/php-trello-api/test/Trello/Tests/Unit/Api/Card/LabelsTest.php" line="17" assertions="2" time="0.001663"/>
      <testcase name="shouldNotSetUnexistingLabels" class="Trello\Tests\Unit\Api\Card\LabelsTest" file="/Users/Christian/Repositories/php-trello-api/test/Trello/Tests/Unit/Api/Card/LabelsTest.php" line="34" assertions="2" time="0.000303"/>
      <testcase name="shouldRemoveALabel" class="Trello\Tests\Unit\Api\Card\LabelsTest" file="/Users/Christian/Repositories/php-trello-api/test/Trello/Tests/Unit/Api/Card/LabelsTest.php" line="48" assertions="2" time="0.000532"/>
      <testcase name="shouldNotRemoveUnexistingLabel" class="Trello\Tests\Unit\Api\Card\LabelsTest" file="/Users/Christian/Repositories/php-trello-api/test/Trello/Tests/Unit/Api/Card/LabelsTest.php" line="65" assertions="2" time="0.000299"/>
    </testsuite>
    <testsuite name="Trello\Tests\Unit\Api\Card\MembersTest" file="/Users/Christian/Repositories/php-trello-api/test/Trello/Tests/Unit/Api/Card/MembersTest.php" tests="7" assertions="14" failures="0" errors="0" time="0.007487">
      <testcase name="shouldGetAllMembers" class="Trello\Tests\Unit\Api\Card\MembersTest" file="/Users/Christian/Repositories/php-trello-api/test/Trello/Tests/Unit/Api/Card/MembersTest.php" line="17" assertions="2" time="0.002747"/>
      <testcase name="shouldSetMembers" class="Trello\Tests\Unit\Api\Card\MembersTest" file="/Users/Christian/Repositories/php-trello-api/test/Trello/Tests/Unit/Api/Card/MembersTest.php" line="31" assertions="2" time="0.000745"/>
      <testcase name="shouldNotSetMembersWithEmptyArray" class="Trello\Tests\Unit\Api\Card\MembersTest" file="/Users/Christian/Repositories/php-trello-api/test/Trello/Tests/Unit/Api/Card/MembersTest.php" line="52" assertions="2" time="0.000359"/>
      <testcase name="shouldAddMember" class="Trello\Tests\Unit\Api\Card\MembersTest" file="/Users/Christian/Repositories/php-trello-api/test/Trello/Tests/Unit/Api/Card/MembersTest.php" line="66" assertions="2" time="0.000424"/>
      <testcase name="shouldRemoveMember" class="Trello\Tests\Unit\Api\Card\MembersTest" file="/Users/Christian/Repositories/php-trello-api/test/Trello/Tests/Unit/Api/Card/MembersTest.php" line="80" assertions="2" time="0.000639"/>
      <testcase name="shouldAddVote" class="Trello\Tests\Unit\Api\Card\MembersTest" file="/Users/Christian/Repositories/php-trello-api/test/Trello/Tests/Unit/Api/Card/MembersTest.php" line="94" assertions="2" time="0.001030"/>
      <testcase name="shouldRemoveVote" class="Trello\Tests\Unit\Api\Card\MembersTest" file="/Users/Christian/Repositories/php-trello-api/test/Trello/Tests/Unit/Api/Card/MembersTest.php" line="108" assertions="2" time="0.001543"/>
    </testsuite>
    <testsuite name="Trello\Tests\Unit\Api\Card\StickersTest" file="/Users/Christian/Repositories/php-trello-api/test/Trello/Tests/Unit/Api/Card/StickersTest.php" tests="7" assertions="14" failures="0" errors="0" time="0.008626">
      <testcase name="shouldGetAllStickers" class="Trello\Tests\Unit\Api\Card\StickersTest" file="/Users/Christian/Repositories/php-trello-api/test/Trello/Tests/Unit/Api/Card/StickersTest.php" line="17" assertions="2" time="0.003014"/>
      <testcase name="shouldShowSticker" class="Trello\Tests\Unit\Api\Card\StickersTest" file="/Users/Christian/Repositories/php-trello-api/test/Trello/Tests/Unit/Api/Card/StickersTest.php" line="31" assertions="2" time="0.000881"/>
      <testcase name="shouldCreateSticker" class="Trello\Tests\Unit\Api\Card\StickersTest" file="/Users/Christian/Repositories/php-trello-api/test/Trello/Tests/Unit/Api/Card/StickersTest.php" line="45" assertions="2" time="0.001002"/>
      <testcase name="shouldNotCreateStickerWhenParamsIncomplete" class="Trello\Tests\Unit\Api\Card\StickersTest" file="/Users/Christian/Repositories/php-trello-api/test/Trello/Tests/Unit/Api/Card/StickersTest.php" line="67" assertions="2" time="0.000559"/>
      <testcase name="shouldUpdateSticker" class="Trello\Tests\Unit\Api\Card\StickersTest" file="/Users/Christian/Repositories/php-trello-api/test/Trello/Tests/Unit/Api/Card/StickersTest.php" line="85" assertions="2" time="0.001031"/>
      <testcase name="shouldNotUpdateStickerWithoutAtLeastOneAllowedParam" class="Trello\Tests\Unit\Api\Card\StickersTest" file="/Users/Christian/Repositories/php-trello-api/test/Trello/Tests/Unit/Api/Card/StickersTest.php" line="106" assertions="2" time="0.001074"/>
      <testcase name="shouldRemoveSticker" class="Trello\Tests\Unit\Api\Card\StickersTest" file="/Users/Christian/Repositories/php-trello-api/test/Trello/Tests/Unit/Api/Card/StickersTest.php" line="120" assertions="2" time="0.001065"/>
    </testsuite>
    <testsuite name="Trello\Tests\Unit\Api\CardTest" file="/Users/Christian/Repositories/php-trello-api/test/Trello/Tests/Unit/Api/CardTest.php" tests="27" assertions="48" failures="0" errors="0" time="0.011152">
      <testcase name="shouldShowCard" class="Trello\Tests\Unit\Api\CardTest" file="/Users/Christian/Repositories/php-trello-api/test/Trello/Tests/Unit/Api/CardTest.php" line="16" assertions="2" time="0.001572"/>
      <testcase name="shouldCreateCard" class="Trello\Tests\Unit\Api\CardTest" file="/Users/Christian/Repositories/php-trello-api/test/Trello/Tests/Unit/Api/CardTest.php" line="32" assertions="2" time="0.000420"/>
      <testcase name="shouldNotCreateCardWithoutName" class="Trello\Tests\Unit\Api\CardTest" file="/Users/Christian/Repositories/php-trello-api/test/Trello/Tests/Unit/Api/CardTest.php" line="52" assertions="2" time="0.000279"/>
      <testcase name="shouldNotCreateCardWithoutListId" class="Trello\Tests\Unit\Api\CardTest" file="/Users/Christian/Repositories/php-trello-api/test/Trello/Tests/Unit/Api/CardTest.php" line="70" assertions="2" time="0.000259"/>
      <testcase name="shouldUpdateCard" class="Trello\Tests\Unit\Api\CardTest" file="/Users/Christian/Repositories/php-trello-api/test/Trello/Tests/Unit/Api/CardTest.php" line="87" assertions="2" time="0.000422"/>
      <testcase name="shouldGetField" class="Trello\Tests\Unit\Api\CardTest" file="/Users/Christian/Repositories/php-trello-api/test/Trello/Tests/Unit/Api/CardTest.php" line="103" assertions="2" time="0.000395"/>
      <testcase name="shouldNotGetUnexistingField" class="Trello\Tests\Unit\Api\CardTest" file="/Users/Christian/Repositories/php-trello-api/test/Trello/Tests/Unit/Api/CardTest.php" line="120" assertions="2" time="0.000269"/>
      <testcase name="shouldSetName" class="Trello\Tests\Unit\Api\CardTest" file="/Users/Christian/Repositories/php-trello-api/test/Trello/Tests/Unit/Api/CardTest.php" line="132" assertions="2" time="0.000381"/>
      <testcase name="shouldSetDescription" class="Trello\Tests\Unit\Api\CardTest" file="/Users/Christian/Repositories/php-trello-api/test/Trello/Tests/Unit/Api/CardTest.php" line="148" assertions="2" time="0.000405"/>
      <testcase name="shouldSetClosed" class="Trello\Tests\Unit\Api\CardTest" file="/Users/Christian/Repositories/php-trello-api/test/Trello/Tests/Unit/Api/CardTest.php" line="164" assertions="2" time="0.000449"/>
      <testcase name="shouldSetSubscribed" class="Trello\Tests\Unit\Api\CardTest" file="/Users/Christian/Repositories/php-trello-api/test/Trello/Tests/Unit/Api/CardTest.php" line="180" assertions="2" time="0.000390"/>
      <testcase name="shouldSetPosition" class="Trello\Tests\Unit\Api\CardTest" file="/Users/Christian/Repositories/php-trello-api/test/Trello/Tests/Unit/Api/CardTest.php" line="196" assertions="2" time="0.000416"/>
      <testcase name="shouldSetDueDate" class="Trello\Tests\Unit\Api\CardTest" file="/Users/Christian/Repositories/php-trello-api/test/Trello/Tests/Unit/Api/CardTest.php" line="212" assertions="2" time="0.000470"/>
      <testcase name="shouldSetList" class="Trello\Tests\Unit\Api\CardTest" file="/Users/Christian/Repositories/php-trello-api/test/Trello/Tests/Unit/Api/CardTest.php" line="228" assertions="2" time="0.000394"/>
      <testcase name="shouldGetList" class="Trello\Tests\Unit\Api\CardTest" file="/Users/Christian/Repositories/php-trello-api/test/Trello/Tests/Unit/Api/CardTest.php" line="244" assertions="2" time="0.001010"/>
      <testcase name="shouldGetListField" class="Trello\Tests\Unit\Api\CardTest" file="/Users/Christian/Repositories/php-trello-api/test/Trello/Tests/Unit/Api/CardTest.php" line="258" assertions="2" time="0.000725"/>
      <testcase name="shouldNotGetUnexistingListField" class="Trello\Tests\Unit\Api\CardTest" file="/Users/Christian/Repositories/php-trello-api/test/Trello/Tests/Unit/Api/CardTest.php" line="273" assertions="2" time="0.000305"/>
      <testcase name="shouldSetBoard" class="Trello\Tests\Unit\Api\CardTest" file="/Users/Christian/Repositories/php-trello-api/test/Trello/Tests/Unit/Api/CardTest.php" line="285" assertions="2" time="0.000366"/>
      <testcase name="shouldGetBoard" class="Trello\Tests\Unit\Api\CardTest" file="/Users/Christian/Repositories/php-trello-api/test/Trello/Tests/Unit/Api/CardTest.php" line="301" assertions="2" time="0.000476"/>
      <testcase name="shouldGetBoardField" class="Trello\Tests\Unit\Api\CardTest" file="/Users/Christian/Repositories/php-trello-api/test/Trello/Tests/Unit/Api/CardTest.php" line="315" assertions="2" time="0.000386"/>
      <testcase name="shouldNotGetUnexistingBoardField" class="Trello\Tests\Unit\Api\CardTest" file="/Users/Christian/Repositories/php-trello-api/test/Trello/Tests/Unit/Api/CardTest.php" line="330" assertions="2" time="0.000248"/>
      <testcase name="shouldGetActionsApiObject" class="Trello\Tests\Unit\Api\CardTest" file="/Users/Christian/Repositories/php-trello-api/test/Trello/Tests/Unit/Api/CardTest.php" line="342" assertions="1" time="0.000172"/>
      <testcase name="shouldGetAttachmentsApiObject" class="Trello\Tests\Unit\Api\CardTest" file="/Users/Christian/Repositories/php-trello-api/test/Trello/Tests/Unit/Api/CardTest.php" line="351" assertions="1" time="0.000178"/>
      <testcase name="shouldGetChecklistsApiObject" class="Trello\Tests\Unit\Api\CardTest" file="/Users/Christian/Repositories/php-trello-api/test/Trello/Tests/Unit/Api/CardTest.php" line="360" assertions="1" time="0.000196"/>
      <testcase name="shouldGetLabelsApiObject" class="Trello\Tests\Unit\Api\CardTest" file="/Users/Christian/Repositories/php-trello-api/test/Trello/Tests/Unit/Api/CardTest.php" line="369" assertions="1" time="0.000195"/>
      <testcase name="shouldGetMembersApiObject" class="Trello\Tests\Unit\Api\CardTest" file="/Users/Christian/Repositories/php-trello-api/test/Trello/Tests/Unit/Api/CardTest.php" line="378" assertions="1" time="0.000194"/>
      <testcase name="shouldGetStickersApiObject" class="Trello\Tests\Unit\Api\CardTest" file="/Users/Christian/Repositories/php-trello-api/test/Trello/Tests/Unit/Api/CardTest.php" line="387" assertions="1" time="0.000180"/>
    </testsuite>
    <testsuite name="Trello\Tests\Unit\Api\Cardlist\ActionsTest" file="/Users/Christian/Repositories/php-trello-api/test/Trello/Tests/Unit/Api/Cardlist/ActionsTest.php" tests="1" assertions="2" failures="0" errors="0" time="0.001404">
      <testcase name="shouldGetAllActions" class="Trello\Tests\Unit\Api\Cardlist\ActionsTest" file="/Users/Christian/Repositories/php-trello-api/test/Trello/Tests/Unit/Api/Cardlist/ActionsTest.php" line="17" assertions="2" time="0.001404"/>
    </testsuite>
    <testsuite name="Trello\Tests\Unit\Api\Cardlist\CardsTest" file="/Users/Christian/Repositories/php-trello-api/test/Trello/Tests/Unit/Api/Cardlist/CardsTest.php" tests="7" assertions="14" failures="0" errors="0" time="0.010027">
      <testcase name="shouldGetAllCards" class="Trello\Tests\Unit\Api\Cardlist\CardsTest" file="/Users/Christian/Repositories/php-trello-api/test/Trello/Tests/Unit/Api/Cardlist/CardsTest.php" line="17" assertions="2" time="0.001322"/>
      <testcase name="shouldFilterCardsWithDefaultFilter" class="Trello\Tests\Unit\Api\Cardlist\CardsTest" file="/Users/Christian/Repositories/php-trello-api/test/Trello/Tests/Unit/Api/Cardlist/CardsTest.php" line="31" assertions="2" time="0.000332"/>
      <testcase name="shouldFilterCardsWithStringArgument" class="Trello\Tests\Unit\Api\Cardlist\CardsTest" file="/Users/Christian/Repositories/php-trello-api/test/Trello/Tests/Unit/Api/Cardlist/CardsTest.php" line="47" assertions="2" time="0.006484"/>
      <testcase name="shouldFilterCardsWithArrayArgument" class="Trello\Tests\Unit\Api\Cardlist\CardsTest" file="/Users/Christian/Repositories/php-trello-api/test/Trello/Tests/Unit/Api/Cardlist/CardsTest.php" line="63" assertions="2" time="0.000409"/>
      <testcase name="shouldCreateCard" class="Trello\Tests\Unit\Api\Cardlist\CardsTest" file="/Users/Christian/Repositories/php-trello-api/test/Trello/Tests/Unit/Api/Cardlist/CardsTest.php" line="79" assertions="2" time="0.000492"/>
      <testcase name="shouldArchiveAllCards" class="Trello\Tests\Unit\Api\Cardlist\CardsTest" file="/Users/Christian/Repositories/php-trello-api/test/Trello/Tests/Unit/Api/Cardlist/CardsTest.php" line="95" assertions="2" time="0.000493"/>
      <testcase name="shouldMoveAllCards" class="Trello\Tests\Unit\Api\Cardlist\CardsTest" file="/Users/Christian/Repositories/php-trello-api/test/Trello/Tests/Unit/Api/Cardlist/CardsTest.php" line="109" assertions="2" time="0.000495"/>
    </testsuite>
    <testsuite name="Trello\Tests\Unit\Api\CardlistTest" file="/Users/Christian/Repositories/php-trello-api/test/Trello/Tests/Unit/Api/CardlistTest.php" tests="14" assertions="26" failures="0" errors="0" time="0.005243">
      <testcase name="shouldShowList" class="Trello\Tests\Unit\Api\CardlistTest" file="/Users/Christian/Repositories/php-trello-api/test/Trello/Tests/Unit/Api/CardlistTest.php" line="16" assertions="2" time="0.001354"/>
      <testcase name="shouldCreateList" class="Trello\Tests\Unit\Api\CardlistTest" file="/Users/Christian/Repositories/php-trello-api/test/Trello/Tests/Unit/Api/CardlistTest.php" line="32" assertions="2" time="0.000416"/>
      <testcase name="shouldNotCreateListWithoutName" class="Trello\Tests\Unit\Api\CardlistTest" file="/Users/Christian/Repositories/php-trello-api/test/Trello/Tests/Unit/Api/CardlistTest.php" line="52" assertions="2" time="0.000231"/>
      <testcase name="shouldNotCreateListWithoutBoardId" class="Trello\Tests\Unit\Api\CardlistTest" file="/Users/Christian/Repositories/php-trello-api/test/Trello/Tests/Unit/Api/CardlistTest.php" line="69" assertions="2" time="0.000197"/>
      <testcase name="shouldUpdateList" class="Trello\Tests\Unit\Api\CardlistTest" file="/Users/Christian/Repositories/php-trello-api/test/Trello/Tests/Unit/Api/CardlistTest.php" line="85" assertions="2" time="0.000359"/>
      <testcase name="shouldGetBoard" class="Trello\Tests\Unit\Api\CardlistTest" file="/Users/Christian/Repositories/php-trello-api/test/Trello/Tests/Unit/Api/CardlistTest.php" line="101" assertions="2" time="0.000338"/>
      <testcase name="shouldGetBoardField" class="Trello\Tests\Unit\Api\CardlistTest" file="/Users/Christian/Repositories/php-trello-api/test/Trello/Tests/Unit/Api/CardlistTest.php" line="115" assertions="2" time="0.000360"/>
      <testcase name="shouldNotGetUnexistingBoardField" class="Trello\Tests\Unit\Api\CardlistTest" file="/Users/Christian/Repositories/php-trello-api/test/Trello/Tests/Unit/Api/CardlistTest.php" line="130" assertions="2" time="0.000235"/>
      <testcase name="shouldSetName" class="Trello\Tests\Unit\Api\CardlistTest" file="/Users/Christian/Repositories/php-trello-api/test/Trello/Tests/Unit/Api/CardlistTest.php" line="142" assertions="2" time="0.000353"/>
      <testcase name="shouldSetPosition" class="Trello\Tests\Unit\Api\CardlistTest" file="/Users/Christian/Repositories/php-trello-api/test/Trello/Tests/Unit/Api/CardlistTest.php" line="158" assertions="2" time="0.000332"/>
      <testcase name="shouldSetClosed" class="Trello\Tests\Unit\Api\CardlistTest" file="/Users/Christian/Repositories/php-trello-api/test/Trello/Tests/Unit/Api/CardlistTest.php" line="174" assertions="2" time="0.000436"/>
      <testcase name="shouldSetSubscribed" class="Trello\Tests\Unit\Api\CardlistTest" file="/Users/Christian/Repositories/php-trello-api/test/Trello/Tests/Unit/Api/CardlistTest.php" line="190" assertions="2" time="0.000331"/>
      <testcase name="shouldGetActionsApiObject" class="Trello\Tests\Unit\Api\CardlistTest" file="/Users/Christian/Repositories/php-trello-api/test/Trello/Tests/Unit/Api/CardlistTest.php" line="206" assertions="1" time="0.000156"/>
      <testcase name="shouldGetCardsApiObject" class="Trello\Tests\Unit\Api\CardlistTest" file="/Users/Christian/Repositories/php-trello-api/test/Trello/Tests/Unit/Api/CardlistTest.php" line="215" assertions="1" time="0.000146"/>
    </testsuite>
    <testsuite name="Trello\Tests\Unit\Api\Checklist\CardsTest" file="/Users/Christian/Repositories/php-trello-api/test/Trello/Tests/Unit/Api/Checklist/CardsTest.php" tests="4" assertions="8" failures="0" errors="0" time="0.002231">
      <testcase name="shouldGetAllCards" class="Trello\Tests\Unit\Api\Checklist\CardsTest" file="/Users/Christian/Repositories/php-trello-api/test/Trello/Tests/Unit/Api/Checklist/CardsTest.php" line="17" assertions="2" time="0.001293"/>
      <testcase name="shouldFilterCardsWithDefaultFilter" class="Trello\Tests\Unit\Api\Checklist\CardsTest" file="/Users/Christian/Repositories/php-trello-api/test/Trello/Tests/Unit/Api/Checklist/CardsTest.php" line="31" assertions="2" time="0.000321"/>
      <testcase name="shouldFilterCardsWithStringArgument" class="Trello\Tests\Unit\Api\Checklist\CardsTest" file="/Users/Christian/Repositories/php-trello-api/test/Trello/Tests/Unit/Api/Checklist/CardsTest.php" line="47" assertions="2" time="0.000308"/>
      <testcase name="shouldFilterCardsWithArrayArgument" class="Trello\Tests\Unit\Api\Checklist\CardsTest" file="/Users/Christian/Repositories/php-trello-api/test/Trello/Tests/Unit/Api/Checklist/CardsTest.php" line="63" assertions="2" time="0.000309"/>
    </testsuite>
    <testsuite name="Trello\Tests\Unit\Api\Checklist\ItemsTest" file="/Users/Christian/Repositories/php-trello-api/test/Trello/Tests/Unit/Api/Checklist/ItemsTest.php" tests="3" assertions="6" failures="0" errors="0" time="0.003168">
      <testcase name="shouldGetAllItems" class="Trello\Tests\Unit\Api\Checklist\ItemsTest" file="/Users/Christian/Repositories/php-trello-api/test/Trello/Tests/Unit/Api/Checklist/ItemsTest.php" line="17" assertions="2" time="0.001488"/>
      <testcase name="shouldCreateItem" class="Trello\Tests\Unit\Api\Checklist\ItemsTest" file="/Users/Christian/Repositories/php-trello-api/test/Trello/Tests/Unit/Api/Checklist/ItemsTest.php" line="31" assertions="2" time="0.000608"/>
      <testcase name="shouldRemoveItem" class="Trello\Tests\Unit\Api\Checklist\ItemsTest" file="/Users/Christian/Repositories/php-trello-api/test/Trello/Tests/Unit/Api/Checklist/ItemsTest.php" line="47" assertions="2" time="0.001072"/>
    </testsuite>
    <testsuite name="Trello\Tests\Unit\Api\ChecklistTest" file="/Users/Christian/Repositories/php-trello-api/test/Trello/Tests/Unit/Api/ChecklistTest.php" tests="15" assertions="28" failures="0" errors="0" time="0.010943">
      <testcase name="shouldShowChecklist" class="Trello\Tests\Unit\Api\ChecklistTest" file="/Users/Christian/Repositories/php-trello-api/test/Trello/Tests/Unit/Api/ChecklistTest.php" line="16" assertions="2" time="0.001931"/>
      <testcase name="shouldCreateChecklist" class="Trello\Tests\Unit\Api\ChecklistTest" file="/Users/Christian/Repositories/php-trello-api/test/Trello/Tests/Unit/Api/ChecklistTest.php" line="32" assertions="2" time="0.000486"/>
      <testcase name="shouldNotCreateChecklistWithoutName" class="Trello\Tests\Unit\Api\ChecklistTest" file="/Users/Christian/Repositories/php-trello-api/test/Trello/Tests/Unit/Api/ChecklistTest.php" line="52" assertions="2" time="0.000292"/>
      <testcase name="shouldNotCreateChecklistWithoutCardId" class="Trello\Tests\Unit\Api\ChecklistTest" file="/Users/Christian/Repositories/php-trello-api/test/Trello/Tests/Unit/Api/ChecklistTest.php" line="69" assertions="2" time="0.000232"/>
      <testcase name="shouldUpdateChecklist" class="Trello\Tests\Unit\Api\ChecklistTest" file="/Users/Christian/Repositories/php-trello-api/test/Trello/Tests/Unit/Api/ChecklistTest.php" line="85" assertions="2" time="0.000423"/>
      <testcase name="shouldRemoveChecklist" class="Trello\Tests\Unit\Api\ChecklistTest" file="/Users/Christian/Repositories/php-trello-api/test/Trello/Tests/Unit/Api/ChecklistTest.php" line="101" assertions="2" time="0.000478"/>
      <testcase name="shouldGetField" class="Trello\Tests\Unit\Api\ChecklistTest" file="/Users/Christian/Repositories/php-trello-api/test/Trello/Tests/Unit/Api/ChecklistTest.php" line="115" assertions="2" time="0.000639"/>
      <testcase name="shouldGetBoard" class="Trello\Tests\Unit\Api\ChecklistTest" file="/Users/Christian/Repositories/php-trello-api/test/Trello/Tests/Unit/Api/ChecklistTest.php" line="131" assertions="2" time="0.000935"/>
      <testcase name="shouldGetBoardField" class="Trello\Tests\Unit\Api\ChecklistTest" file="/Users/Christian/Repositories/php-trello-api/test/Trello/Tests/Unit/Api/ChecklistTest.php" line="145" assertions="2" time="0.001437"/>
      <testcase name="shouldNotGetUnexistingBoardField" class="Trello\Tests\Unit\Api\ChecklistTest" file="/Users/Christian/Repositories/php-trello-api/test/Trello/Tests/Unit/Api/ChecklistTest.php" line="160" assertions="2" time="0.000822"/>
      <testcase name="shouldSetCard" class="Trello\Tests\Unit\Api\ChecklistTest" file="/Users/Christian/Repositories/php-trello-api/test/Trello/Tests/Unit/Api/ChecklistTest.php" line="172" assertions="2" time="0.000900"/>
      <testcase name="shouldSetName" class="Trello\Tests\Unit\Api\ChecklistTest" file="/Users/Christian/Repositories/php-trello-api/test/Trello/Tests/Unit/Api/ChecklistTest.php" line="188" assertions="2" time="0.000948"/>
      <testcase name="shouldSetPosition" class="Trello\Tests\Unit\Api\ChecklistTest" file="/Users/Christian/Repositories/php-trello-api/test/Trello/Tests/Unit/Api/ChecklistTest.php" line="204" assertions="2" time="0.000737"/>
      <testcase name="shouldGetItemsApiObject" class="Trello\Tests\Unit\Api\ChecklistTest" file="/Users/Christian/Repositories/php-trello-api/test/Trello/Tests/Unit/Api/ChecklistTest.php" line="220" assertions="1" time="0.000367"/>
      <testcase name="shouldGetCardsApiObject" class="Trello\Tests\Unit\Api\ChecklistTest" file="/Users/Christian/Repositories/php-trello-api/test/Trello/Tests/Unit/Api/ChecklistTest.php" line="229" assertions="1" time="0.000316"/>
    </testsuite>
    <testsuite name="Trello\Tests\Unit\Api\Member\ActionsTest" file="/Users/Christian/Repositories/php-trello-api/test/Trello/Tests/Unit/Api/Member/ActionsTest.php" tests="1" assertions="2" failures="0" errors="0" time="0.001676">
      <testcase name="shouldGetAllActions" class="Trello\Tests\Unit\Api\Member\ActionsTest" file="/Users/Christian/Repositories/php-trello-api/test/Trello/Tests/Unit/Api/Member/ActionsTest.php" line="17" assertions="2" time="0.001676"/>
    </testsuite>
    <testsuite name="Trello\Tests\Unit\Api\Member\Board\BackgroundsTest" file="/Users/Christian/Repositories/php-trello-api/test/Trello/Tests/Unit/Api/Member/Board/BackgroundsTest.php" tests="0" assertions="0" failures="0" errors="0" time="0.000000"/>
    <testsuite name="Trello\Tests\Unit\Api\Member\Board\StarsTest" file="/Users/Christian/Repositories/php-trello-api/test/Trello/Tests/Unit/Api/Member/Board/StarsTest.php" tests="0" assertions="0" failures="0" errors="0" time="0.000000"/>
    <testsuite name="Trello\Tests\Unit\Api\Member\BoardsTest" file="/Users/Christian/Repositories/php-trello-api/test/Trello/Tests/Unit/Api/Member/BoardsTest.php" tests="1" assertions="2" failures="0" errors="0" time="0.001514">
      <testcase name="shouldGetAllBoards" class="Trello\Tests\Unit\Api\Member\BoardsTest" file="/Users/Christian/Repositories/php-trello-api/test/Trello/Tests/Unit/Api/Member/BoardsTest.php" line="17" assertions="2" time="0.001514"/>
    </testsuite>
    <testsuite name="Trello\Tests\Unit\Api\Member\CardsTest" file="/Users/Christian/Repositories/php-trello-api/test/Trello/Tests/Unit/Api/Member/CardsTest.php" tests="4" assertions="8" failures="0" errors="0" time="0.002506">
      <testcase name="shouldGetAllCards" class="Trello\Tests\Unit\Api\Member\CardsTest" file="/Users/Christian/Repositories/php-trello-api/test/Trello/Tests/Unit/Api/Member/CardsTest.php" line="17" assertions="2" time="0.001283"/>
      <testcase name="shouldFilterCardsWithDefaultFilter" class="Trello\Tests\Unit\Api\Member\CardsTest" file="/Users/Christian/Repositories/php-trello-api/test/Trello/Tests/Unit/Api/Member/CardsTest.php" line="31" assertions="2" time="0.000328"/>
      <testcase name="shouldFilterCardsWithStringArgument" class="Trello\Tests\Unit\Api\Member\CardsTest" file="/Users/Christian/Repositories/php-trello-api/test/Trello/Tests/Unit/Api/Member/CardsTest.php" line="47" assertions="2" time="0.000472"/>
      <testcase name="shouldFilterCardsWithArrayArgument" class="Trello\Tests\Unit\Api\Member\CardsTest" file="/Users/Christian/Repositories/php-trello-api/test/Trello/Tests/Unit/Api/Member/CardsTest.php" line="63" assertions="2" time="0.000423"/>
    </testsuite>
    <testsuite name="Trello\Tests\Unit\Api\Member\CustomBackgroundsTest" file="/Users/Christian/Repositories/php-trello-api/test/Trello/Tests/Unit/Api/Member/CustomBackgroundsTest.php" tests="0" assertions="0" failures="0" errors="0" time="0.000000"/>
    <testsuite name="Trello\Tests\Unit\Api\Member\CustomEmojiTest" file="/Users/Christian/Repositories/php-trello-api/test/Trello/Tests/Unit/Api/Member/CustomEmojiTest.php" tests="0" assertions="0" failures="0" errors="0" time="0.000000"/>
    <testsuite name="Trello\Tests\Unit\Api\Member\CustomStickersTest" file="/Users/Christian/Repositories/php-trello-api/test/Trello/Tests/Unit/Api/Member/CustomStickersTest.php" tests="0" assertions="0" failures="0" errors="0" time="0.000000"/>
    <testsuite name="Trello\Tests\Unit\Api\Member\NotificationsTest" file="/Users/Christian/Repositories/php-trello-api/test/Trello/Tests/Unit/Api/Member/NotificationsTest.php" tests="4" assertions="8" failures="0" errors="0" time="0.002861">
      <testcase name="shouldGetAllNotifications" class="Trello\Tests\Unit\Api\Member\NotificationsTest" file="/Users/Christian/Repositories/php-trello-api/test/Trello/Tests/Unit/Api/Member/NotificationsTest.php" line="17" assertions="2" time="0.001497"/>
      <testcase name="shouldFilterNotificationsWithDefaultFilter" class="Trello\Tests\Unit\Api\Member\NotificationsTest" file="/Users/Christian/Repositories/php-trello-api/test/Trello/Tests/Unit/Api/Member/NotificationsTest.php" line="31" assertions="2" time="0.000557"/>
      <testcase name="shouldFilterNotificationsWithStringArgument" class="Trello\Tests\Unit\Api\Member\NotificationsTest" file="/Users/Christian/Repositories/php-trello-api/test/Trello/Tests/Unit/Api/Member/NotificationsTest.php" line="47" assertions="2" time="0.000364"/>
      <testcase name="shouldFilterNotificationsWithArrayArgument" class="Trello\Tests\Unit\Api\Member\NotificationsTest" file="/Users/Christian/Repositories/php-trello-api/test/Trello/Tests/Unit/Api/Member/NotificationsTest.php" line="63" assertions="2" time="0.000443"/>
    </testsuite>
    <testsuite name="Trello\Tests\Unit\Api\Member\OrganizationsTest" file="/Users/Christian/Repositories/php-trello-api/test/Trello/Tests/Unit/Api/Member/OrganizationsTest.php" tests="7" assertions="14" failures="0" errors="0" time="0.003520">
      <testcase name="shouldGetAllOrganizations" class="Trello\Tests\Unit\Api\Member\OrganizationsTest" file="/Users/Christian/Repositories/php-trello-api/test/Trello/Tests/Unit/Api/Member/OrganizationsTest.php" line="17" assertions="2" time="0.001343"/>
      <testcase name="shouldFilterOrganizationsWithDefaultFilter" class="Trello\Tests\Unit\Api\Member\OrganizationsTest" file="/Users/Christian/Repositories/php-trello-api/test/Trello/Tests/Unit/Api/Member/OrganizationsTest.php" line="31" assertions="2" time="0.000326"/>
      <testcase name="shouldFilterOrganizationsWithStringArgument" class="Trello\Tests\Unit\Api\Member\OrganizationsTest" file="/Users/Christian/Repositories/php-trello-api/test/Trello/Tests/Unit/Api/Member/OrganizationsTest.php" line="47" assertions="2" time="0.000374"/>
      <testcase name="shouldFilterOrganizationsWithArrayArgument" class="Trello\Tests\Unit\Api\Member\OrganizationsTest" file="/Users/Christian/Repositories/php-trello-api/test/Trello/Tests/Unit/Api/Member/OrganizationsTest.php" line="63" assertions="2" time="0.000429"/>
      <testcase name="shouldGetOrganizationsAMemberIsInvitedTo" class="Trello\Tests\Unit\Api\Member\OrganizationsTest" file="/Users/Christian/Repositories/php-trello-api/test/Trello/Tests/Unit/Api/Member/OrganizationsTest.php" line="79" assertions="2" time="0.000394"/>
      <testcase name="shouldGetFieldOfAnOrganizationAMemberIsInvitedTo" class="Trello\Tests\Unit\Api\Member\OrganizationsTest" file="/Users/Christian/Repositories/php-trello-api/test/Trello/Tests/Unit/Api/Member/OrganizationsTest.php" line="93" assertions="2" time="0.000395"/>
      <testcase name="shouldNotGetUnexistingFieldOfAnOrganizationAMemberIsInvitedTo" class="Trello\Tests\Unit\Api\Member\OrganizationsTest" file="/Users/Christian/Repositories/php-trello-api/test/Trello/Tests/Unit/Api/Member/OrganizationsTest.php" line="110" assertions="2" time="0.000259"/>
    </testsuite>
    <testsuite name="Trello\Tests\Unit\Api\Member\SavedSearchesTest" file="/Users/Christian/Repositories/php-trello-api/test/Trello/Tests/Unit/Api/Member/SavedSearchesTest.php" tests="0" assertions="0" failures="0" errors="0" time="0.000000"/>
    <testsuite name="Trello\Tests\Unit\Api\MemberTest" file="/Users/Christian/Repositories/php-trello-api/test/Trello/Tests/Unit/Api/MemberTest.php" tests="19" assertions="27" failures="0" errors="0" time="0.009053">
      <testcase name="shouldShowMember" class="Trello\Tests\Unit\Api\MemberTest" file="/Users/Christian/Repositories/php-trello-api/test/Trello/Tests/Unit/Api/MemberTest.php" line="16" assertions="2" time="0.001346"/>
      <testcase name="shouldGetDeltas" class="Trello\Tests\Unit\Api\MemberTest" file="/Users/Christian/Repositories/php-trello-api/test/Trello/Tests/Unit/Api/MemberTest.php" line="32" assertions="2" time="0.000333"/>
      <testcase name="shouldSetUsername" class="Trello\Tests\Unit\Api\MemberTest" file="/Users/Christian/Repositories/php-trello-api/test/Trello/Tests/Unit/Api/MemberTest.php" line="48" assertions="2" time="0.000323"/>
      <testcase name="shouldSetBio" class="Trello\Tests\Unit\Api\MemberTest" file="/Users/Christian/Repositories/php-trello-api/test/Trello/Tests/Unit/Api/MemberTest.php" line="64" assertions="2" time="0.000360"/>
      <testcase name="shouldSetAvatar" class="Trello\Tests\Unit\Api\MemberTest" file="/Users/Christian/Repositories/php-trello-api/test/Trello/Tests/Unit/Api/MemberTest.php" line="80" assertions="2" time="0.000385"/>
      <testcase name="shouldSetAvatarSource" class="Trello\Tests\Unit\Api\MemberTest" file="/Users/Christian/Repositories/php-trello-api/test/Trello/Tests/Unit/Api/MemberTest.php" line="96" assertions="2" time="0.000533"/>
      <testcase name="shouldSetInitials" class="Trello\Tests\Unit\Api\MemberTest" file="/Users/Christian/Repositories/php-trello-api/test/Trello/Tests/Unit/Api/MemberTest.php" line="112" assertions="2" time="0.000605"/>
      <testcase name="shouldSetFullName" class="Trello\Tests\Unit\Api\MemberTest" file="/Users/Christian/Repositories/php-trello-api/test/Trello/Tests/Unit/Api/MemberTest.php" line="128" assertions="2" time="0.000858"/>
      <testcase name="shouldGetActionsApiObject" class="Trello\Tests\Unit\Api\MemberTest" file="/Users/Christian/Repositories/php-trello-api/test/Trello/Tests/Unit/Api/MemberTest.php" line="144" assertions="1" time="0.000686"/>
      <testcase name="shouldGetBoardsApiObject" class="Trello\Tests\Unit\Api\MemberTest" file="/Users/Christian/Repositories/php-trello-api/test/Trello/Tests/Unit/Api/MemberTest.php" line="153" assertions="1" time="0.000645"/>
      <testcase name="shouldGetCardsApiObject" class="Trello\Tests\Unit\Api\MemberTest" file="/Users/Christian/Repositories/php-trello-api/test/Trello/Tests/Unit/Api/MemberTest.php" line="162" assertions="1" time="0.000358"/>
      <testcase name="shouldGetCustomBackgroundsApiObject" class="Trello\Tests\Unit\Api\MemberTest" file="/Users/Christian/Repositories/php-trello-api/test/Trello/Tests/Unit/Api/MemberTest.php" line="171" assertions="1" time="0.000386"/>
      <testcase name="shouldGetCustomEmojiApiObject" class="Trello\Tests\Unit\Api\MemberTest" file="/Users/Christian/Repositories/php-trello-api/test/Trello/Tests/Unit/Api/MemberTest.php" line="180" assertions="1" time="0.000300"/>
      <testcase name="shouldGetCustomStickersApiObject" class="Trello\Tests\Unit\Api\MemberTest" file="/Users/Christian/Repositories/php-trello-api/test/Trello/Tests/Unit/Api/MemberTest.php" line="189" assertions="1" time="0.000286"/>
      <testcase name="shouldGetNotificationsApiObject" class="Trello\Tests\Unit\Api\MemberTest" file="/Users/Christian/Repositories/php-trello-api/test/Trello/Tests/Unit/Api/MemberTest.php" line="198" assertions="1" time="0.000271"/>
      <testcase name="shouldGetOrganizationsApiObject" class="Trello\Tests\Unit\Api\MemberTest" file="/Users/Christian/Repositories/php-trello-api/test/Trello/Tests/Unit/Api/MemberTest.php" line="207" assertions="1" time="0.000260"/>
      <testcase name="shouldGetSavedSearchesApiObject" class="Trello\Tests\Unit\Api\MemberTest" file="/Users/Christian/Repositories/php-trello-api/test/Trello/Tests/Unit/Api/MemberTest.php" line="216" assertions="1" time="0.000373"/>
      <testcase name="shouldGetBoardBackgroundsApiObject" class="Trello\Tests\Unit\Api\MemberTest" file="/Users/Christian/Repositories/php-trello-api/test/Trello/Tests/Unit/Api/MemberTest.php" line="225" assertions="1" time="0.000376"/>
      <testcase name="shouldGetBoardStarsApiObject" class="Trello\Tests\Unit\Api\MemberTest" file="/Users/Christian/Repositories/php-trello-api/test/Trello/Tests/Unit/Api/MemberTest.php" line="234" assertions="1" time="0.000369"/>
    </testsuite>
    <testsuite name="Trello\Tests\Unit\Api\NotificationTest" file="/Users/Christian/Repositories/php-trello-api/test/Trello/Tests/Unit/Api/NotificationTest.php" tests="1" assertions="2" failures="0" errors="0" time="0.002372">
      <testcase name="shouldShowNotification" class="Trello\Tests\Unit\Api\NotificationTest" file="/Users/Christian/Repositories/php-trello-api/test/Trello/Tests/Unit/Api/NotificationTest.php" line="13" assertions="2" time="0.002372"/>
    </testsuite>
    <testsuite name="Trello\Tests\Unit\Api\OrganizationTest" file="/Users/Christian/Repositories/php-trello-api/test/Trello/Tests/Unit/Api/OrganizationTest.php" tests="1" assertions="2" failures="0" errors="0" time="0.001728">
      <testcase name="shouldShowOrganization" class="Trello\Tests\Unit\Api\OrganizationTest" file="/Users/Christian/Repositories/php-trello-api/test/Trello/Tests/Unit/Api/OrganizationTest.php" line="13" assertions="2" time="0.001728"/>
    </testsuite>
    <testsuite name="Trello\Tests\Unit\Api\Token\WebhooksTest" file="/Users/Christian/Repositories/php-trello-api/test/Trello/Tests/Unit/Api/Token/WebhooksTest.php" tests="9" assertions="18" failures="0" errors="0" time="0.003382">
      <testcase name="shouldCreateWebhook" class="Trello\Tests\Unit\Api\Token\WebhooksTest" file="/Users/Christian/Repositories/php-trello-api/test/Trello/Tests/Unit/Api/Token/WebhooksTest.php" line="17" assertions="2" time="0.001332"/>
      <testcase name="shouldNotCreateWebhookWithoutCallbackUrl" class="Trello\Tests\Unit\Api\Token\WebhooksTest" file="/Users/Christian/Repositories/php-trello-api/test/Trello/Tests/Unit/Api/Token/WebhooksTest.php" line="37" assertions="2" time="0.000249"/>
      <testcase name="shouldNotCreateWebhookWithoutModelId" class="Trello\Tests\Unit\Api\Token\WebhooksTest" file="/Users/Christian/Repositories/php-trello-api/test/Trello/Tests/Unit/Api/Token/WebhooksTest.php" line="54" assertions="2" time="0.000181"/>
      <testcase name="shouldUpdateWebhook" class="Trello\Tests\Unit\Api\Token\WebhooksTest" file="/Users/Christian/Repositories/php-trello-api/test/Trello/Tests/Unit/Api/Token/WebhooksTest.php" line="70" assertions="2" time="0.000346"/>
      <testcase name="shouldNotUpdateWebhookWithoutCallbackUrl" class="Trello\Tests\Unit\Api\Token\WebhooksTest" file="/Users/Christian/Repositories/php-trello-api/test/Trello/Tests/Unit/Api/Token/WebhooksTest.php" line="90" assertions="2" time="0.000184"/>
      <testcase name="shouldNotUpdateWebhookWithoutModelId" class="Trello\Tests\Unit\Api\Token\WebhooksTest" file="/Users/Christian/Repositories/php-trello-api/test/Trello/Tests/Unit/Api/Token/WebhooksTest.php" line="107" assertions="2" time="0.000176"/>
      <testcase name="shouldRemoveWebhook" class="Trello\Tests\Unit\Api\Token\WebhooksTest" file="/Users/Christian/Repositories/php-trello-api/test/Trello/Tests/Unit/Api/Token/WebhooksTest.php" line="123" assertions="2" time="0.000295"/>
      <testcase name="shouldGetAllWebhooks" class="Trello\Tests\Unit\Api\Token\WebhooksTest" file="/Users/Christian/Repositories/php-trello-api/test/Trello/Tests/Unit/Api/Token/WebhooksTest.php" line="137" assertions="2" time="0.000304"/>
      <testcase name="shouldShowWebhook" class="Trello\Tests\Unit\Api\Token\WebhooksTest" file="/Users/Christian/Repositories/php-trello-api/test/Trello/Tests/Unit/Api/Token/WebhooksTest.php" line="151" assertions="2" time="0.000316"/>
    </testsuite>
    <testsuite name="Trello\Tests\Unit\Api\TokenTest" file="/Users/Christian/Repositories/php-trello-api/test/Trello/Tests/Unit/Api/TokenTest.php" tests="6" assertions="11" failures="0" errors="0" time="0.002642">
      <testcase name="shouldShowToken" class="Trello\Tests\Unit\Api\TokenTest" file="/Users/Christian/Repositories/php-trello-api/test/Trello/Tests/Unit/Api/TokenTest.php" line="16" assertions="2" time="0.001316"/>
      <testcase name="shouldRemoveToken" class="Trello\Tests\Unit\Api\TokenTest" file="/Users/Christian/Repositories/php-trello-api/test/Trello/Tests/Unit/Api/TokenTest.php" line="32" assertions="2" time="0.000320"/>
      <testcase name="shouldGetMember" class="Trello\Tests\Unit\Api\TokenTest" file="/Users/Christian/Repositories/php-trello-api/test/Trello/Tests/Unit/Api/TokenTest.php" line="46" assertions="2" time="0.000299"/>
      <testcase name="shouldGetMemberField" class="Trello\Tests\Unit\Api\TokenTest" file="/Users/Christian/Repositories/php-trello-api/test/Trello/Tests/Unit/Api/TokenTest.php" line="60" assertions="2" time="0.000304"/>
      <testcase name="shouldNotGetUnexistingMemberField" class="Trello\Tests\Unit\Api\TokenTest" file="/Users/Christian/Repositories/php-trello-api/test/Trello/Tests/Unit/Api/TokenTest.php" line="75" assertions="2" time="0.000253"/>
      <testcase name="shouldGetWebhooksApiObject" class="Trello\Tests\Unit\Api\TokenTest" file="/Users/Christian/Repositories/php-trello-api/test/Trello/Tests/Unit/Api/TokenTest.php" line="87" assertions="1" time="0.000150"/>
    </testsuite>
    <testsuite name="Trello\Tests\Unit\Api\WebhookTest" file="/Users/Christian/Repositories/php-trello-api/test/Trello/Tests/Unit/Api/WebhookTest.php" tests="12" assertions="24" failures="0" errors="0" time="0.007750">
      <testcase name="shouldShowWebhook" class="Trello\Tests\Unit\Api\WebhookTest" file="/Users/Christian/Repositories/php-trello-api/test/Trello/Tests/Unit/Api/WebhookTest.php" line="16" assertions="2" time="0.001403"/>
      <testcase name="shouldRemoveToken" class="Trello\Tests\Unit\Api\WebhookTest" file="/Users/Christian/Repositories/php-trello-api/test/Trello/Tests/Unit/Api/WebhookTest.php" line="32" assertions="2" time="0.000518"/>
      <testcase name="shouldSetDescription" class="Trello\Tests\Unit\Api\WebhookTest" file="/Users/Christian/Repositories/php-trello-api/test/Trello/Tests/Unit/Api/WebhookTest.php" line="46" assertions="2" time="0.000555"/>
      <testcase name="shouldSetCallbackUrl" class="Trello\Tests\Unit\Api\WebhookTest" file="/Users/Christian/Repositories/php-trello-api/test/Trello/Tests/Unit/Api/WebhookTest.php" line="62" assertions="2" time="0.000520"/>
      <testcase name="shouldSetModel" class="Trello\Tests\Unit\Api\WebhookTest" file="/Users/Christian/Repositories/php-trello-api/test/Trello/Tests/Unit/Api/WebhookTest.php" line="78" assertions="2" time="0.000493"/>
      <testcase name="shouldSetActive" class="Trello\Tests\Unit\Api\WebhookTest" file="/Users/Christian/Repositories/php-trello-api/test/Trello/Tests/Unit/Api/WebhookTest.php" line="94" assertions="2" time="0.000494"/>
      <testcase name="shouldCreateWebhook" class="Trello\Tests\Unit\Api\WebhookTest" file="/Users/Christian/Repositories/php-trello-api/test/Trello/Tests/Unit/Api/WebhookTest.php" line="110" assertions="2" time="0.000741"/>
      <testcase name="shouldNotCreateWebhookWithoutCallbackUrl" class="Trello\Tests\Unit\Api\WebhookTest" file="/Users/Christian/Repositories/php-trello-api/test/Trello/Tests/Unit/Api/WebhookTest.php" line="130" assertions="2" time="0.000414"/>
      <testcase name="shouldNotCreateWebhookWithoutModelId" class="Trello\Tests\Unit\Api\WebhookTest" file="/Users/Christian/Repositories/php-trello-api/test/Trello/Tests/Unit/Api/WebhookTest.php" line="147" assertions="2" time="0.001111"/>
      <testcase name="shouldUpdateWebhook" class="Trello\Tests\Unit\Api\WebhookTest" file="/Users/Christian/Repositories/php-trello-api/test/Trello/Tests/Unit/Api/WebhookTest.php" line="163" assertions="2" time="0.000777"/>
      <testcase name="shouldNotUpdateWebhookWithoutCallbackUrl" class="Trello\Tests\Unit\Api\WebhookTest" file="/Users/Christian/Repositories/php-trello-api/test/Trello/Tests/Unit/Api/WebhookTest.php" line="183" assertions="2" time="0.000382"/>
      <testcase name="shouldNotUpdateWebhookWithoutModelId" class="Trello\Tests\Unit\Api\WebhookTest" file="/Users/Christian/Repositories/php-trello-api/test/Trello/Tests/Unit/Api/WebhookTest.php" line="200" assertions="2" time="0.000342"/>
    </testsuite>
  </testsuite>
</testsuites>
